[
  {
    "line": 1,
    "elements": [
      {
        "line": 12,
        "name": "Successfull Login with Valid Credentials",
        "description": "",
        "id": "login-action;successfull-login-with-valid-credentials;;2",
        "type": "scenario",
        "keyword": "Scenario Outline",
        "steps": [
          {
            "result": {
              "duration": 13828200400,
              "status": "passed"
            },
            "line": 5,
            "name": "User is on Home Page",
            "match": {
              "location": "Teststeps_03.user_is_on_Home_Page()"
            },
            "keyword": "Given "
          },
          {
            "result": {
              "duration": 240273700,
              "status": "passed"
            },
            "line": 6,
            "name": "User Navigate to Login Page",
            "match": {
              "location": "Teststeps_03.user_Navigate_to_Login_Page()"
            },
            "keyword": "When "
          },
          {
            "result": {
              "duration": 457471300,
              "status": "passed"
            },
            "line": 7,
            "name": "User enters \"lalitha\" and \"password123\"",
            "match": {
              "arguments": [
                {
                  "val": "\"lalitha\"",
                  "offset": 12
                },
                {
                  "val": "\"password123\"",
                  "offset": 26
                }
              ],
              "location": "Teststeps_03.user_enters_and(String,String)"
            },
            "keyword": "And "
          },
          {
            "result": {
              "error_message": "org.openqa.selenium.NoSuchElementException: no such element: Unable to locate element: {\"method\":\"xpath\",\"selector\":\"//input[@type\u003d\u0027submit\u0027]\"}\n  (Session info: chrome\u003d79.0.3945.130)\nFor documentation on this error, please visit: http://seleniumhq.org/exceptions/no_such_element.html\nBuild info: version: \u00273.14.0\u0027, revision: \u0027aacccce0\u0027, time: \u00272018-08-02T20:19:58.91Z\u0027\nSystem info: host: \u0027DDC4-D-BC9S3W2\u0027, ip: \u0027172.21.116.86\u0027, os.name: \u0027Windows 10\u0027, os.arch: \u0027amd64\u0027, os.version: \u002710.0\u0027, java.version: \u00271.8.0_162-ea\u0027\nDriver info: org.openqa.selenium.chrome.ChromeDriver\nCapabilities {acceptInsecureCerts: false, browserName: chrome, browserVersion: 79.0.3945.130, chrome: {chromedriverVersion: 79.0.3945.36 (3582db32b3389..., userDataDir: C:\\Users\\TRAINI~1.02\\AppDat...}, goog:chromeOptions: {debuggerAddress: localhost:52747}, javascriptEnabled: true, networkConnectionEnabled: false, pageLoadStrategy: normal, platform: WINDOWS, platformName: WINDOWS, proxy: Proxy(), setWindowRect: true, strictFileInteractability: false, timeouts: {implicit: 0, pageLoad: 300000, script: 30000}, unhandledPromptBehavior: dismiss and notify}\nSession ID: dd46dd959e456d582cb99de45155a08a\n*** Element info: {Using\u003dxpath, value\u003d//input[@type\u003d\u0027submit\u0027]}\r\n\tat sun.reflect.NativeConstructorAccessorImpl.newInstance0(Native Method)\r\n\tat sun.reflect.NativeConstructorAccessorImpl.newInstance(Unknown Source)\r\n\tat sun.reflect.DelegatingConstructorAccessorImpl.newInstance(Unknown Source)\r\n\tat java.lang.reflect.Constructor.newInstance(Unknown Source)\r\n\tat org.openqa.selenium.remote.http.W3CHttpResponseCodec.createException(W3CHttpResponseCodec.java:187)\r\n\tat org.openqa.selenium.remote.http.W3CHttpResponseCodec.decode(W3CHttpResponseCodec.java:122)\r\n\tat org.openqa.selenium.remote.http.W3CHttpResponseCodec.decode(W3CHttpResponseCodec.java:49)\r\n\tat org.openqa.selenium.remote.HttpCommandExecutor.execute(HttpCommandExecutor.java:158)\r\n\tat org.openqa.selenium.remote.service.DriverCommandExecutor.execute(DriverCommandExecutor.java:83)\r\n\tat org.openqa.selenium.remote.RemoteWebDriver.execute(RemoteWebDriver.java:548)\r\n\tat org.openqa.selenium.remote.RemoteWebDriver.findElement(RemoteWebDriver.java:322)\r\n\tat org.openqa.selenium.remote.RemoteWebDriver.findElementByXPath(RemoteWebDriver.java:424)\r\n\tat org.openqa.selenium.By$ByXPath.findElement(By.java:353)\r\n\tat org.openqa.selenium.remote.RemoteWebDriver.findElement(RemoteWebDriver.java:314)\r\n\tat step_definition_03.Teststeps_03.message_displayed_Login_Successfully(Teststeps_03.java:45)\r\n\tat ✽.Message displayed Login Successfully(Feature_99/login1.feature:8)\r\n",
              "duration": 39241100,
              "status": "failed"
            },
            "line": 8,
            "name": "Message displayed Login Successfully",
            "match": {
              "location": "Teststeps_03.message_displayed_Login_Successfully()"
            },
            "keyword": "Then "
          }
        ]
      },
      {
        "line": 13,
        "name": "Successfull Login with Valid Credentials",
        "description": "",
        "id": "login-action;successfull-login-with-valid-credentials;;3",
        "type": "scenario",
        "keyword": "Scenario Outline",
        "steps": [
          {
            "result": {
              "duration": 12672933800,
              "status": "passed"
            },
            "line": 5,
            "name": "User is on Home Page",
            "match": {
              "location": "Teststeps_03.user_is_on_Home_Page()"
            },
            "keyword": "Given "
          },
          {
            "result": {
              "duration": 229876500,
              "status": "passed"
            },
            "line": 6,
            "name": "User Navigate to Login Page",
            "match": {
              "location": "Teststeps_03.user_Navigate_to_Login_Page()"
            },
            "keyword": "When "
          },
          {
            "result": {
              "duration": 403893800,
              "status": "passed"
            },
            "line": 7,
            "name": "User enters \"admin\" and \"password456\"",
            "match": {
              "arguments": [
                {
                  "val": "\"admin\"",
                  "offset": 12
                },
                {
                  "val": "\"password456\"",
                  "offset": 24
                }
              ],
              "location": "Teststeps_03.user_enters_and(String,String)"
            },
            "keyword": "And "
          },
          {
            "result": {
              "error_message": "org.openqa.selenium.NoSuchElementException: no such element: Unable to locate element: {\"method\":\"xpath\",\"selector\":\"//input[@type\u003d\u0027submit\u0027]\"}\n  (Session info: chrome\u003d79.0.3945.130)\nFor documentation on this error, please visit: http://seleniumhq.org/exceptions/no_such_element.html\nBuild info: version: \u00273.14.0\u0027, revision: \u0027aacccce0\u0027, time: \u00272018-08-02T20:19:58.91Z\u0027\nSystem info: host: \u0027DDC4-D-BC9S3W2\u0027, ip: \u0027172.21.116.86\u0027, os.name: \u0027Windows 10\u0027, os.arch: \u0027amd64\u0027, os.version: \u002710.0\u0027, java.version: \u00271.8.0_162-ea\u0027\nDriver info: org.openqa.selenium.chrome.ChromeDriver\nCapabilities {acceptInsecureCerts: false, browserName: chrome, browserVersion: 79.0.3945.130, chrome: {chromedriverVersion: 79.0.3945.36 (3582db32b3389..., userDataDir: C:\\Users\\TRAINI~1.02\\AppDat...}, goog:chromeOptions: {debuggerAddress: localhost:52781}, javascriptEnabled: true, networkConnectionEnabled: false, pageLoadStrategy: normal, platform: WINDOWS, platformName: WINDOWS, proxy: Proxy(), setWindowRect: true, strictFileInteractability: false, timeouts: {implicit: 0, pageLoad: 300000, script: 30000}, unhandledPromptBehavior: dismiss and notify}\nSession ID: 64555ba86f4e595fa95931637400f651\n*** Element info: {Using\u003dxpath, value\u003d//input[@type\u003d\u0027submit\u0027]}\r\n\tat sun.reflect.NativeConstructorAccessorImpl.newInstance0(Native Method)\r\n\tat sun.reflect.NativeConstructorAccessorImpl.newInstance(Unknown Source)\r\n\tat sun.reflect.DelegatingConstructorAccessorImpl.newInstance(Unknown Source)\r\n\tat java.lang.reflect.Constructor.newInstance(Unknown Source)\r\n\tat org.openqa.selenium.remote.http.W3CHttpResponseCodec.createException(W3CHttpResponseCodec.java:187)\r\n\tat org.openqa.selenium.remote.http.W3CHttpResponseCodec.decode(W3CHttpResponseCodec.java:122)\r\n\tat org.openqa.selenium.remote.http.W3CHttpResponseCodec.decode(W3CHttpResponseCodec.java:49)\r\n\tat org.openqa.selenium.remote.HttpCommandExecutor.execute(HttpCommandExecutor.java:158)\r\n\tat org.openqa.selenium.remote.service.DriverCommandExecutor.execute(DriverCommandExecutor.java:83)\r\n\tat org.openqa.selenium.remote.RemoteWebDriver.execute(RemoteWebDriver.java:548)\r\n\tat org.openqa.selenium.remote.RemoteWebDriver.findElement(RemoteWebDriver.java:322)\r\n\tat org.openqa.selenium.remote.RemoteWebDriver.findElementByXPath(RemoteWebDriver.java:424)\r\n\tat org.openqa.selenium.By$ByXPath.findElement(By.java:353)\r\n\tat org.openqa.selenium.remote.RemoteWebDriver.findElement(RemoteWebDriver.java:314)\r\n\tat step_definition_03.Teststeps_03.message_displayed_Login_Successfully(Teststeps_03.java:45)\r\n\tat ✽.Message displayed Login Successfully(Feature_99/login1.feature:8)\r\n",
              "duration": 19439900,
              "status": "failed"
            },
            "line": 8,
            "name": "Message displayed Login Successfully",
            "match": {
              "location": "Teststeps_03.message_displayed_Login_Successfully()"
            },
            "keyword": "Then "
          }
        ]
      }
    ],
    "name": "Login Action",
    "description": "",
    "id": "login-action",
    "keyword": "Feature",
    "uri": "Feature_99/login1.feature",
    "tags": []
  }
]